GROUP,PACKAGE,CLASS,INSTRUCTION_MISSED,INSTRUCTION_COVERED,BRANCH_MISSED,BRANCH_COVERED,LINE_MISSED,LINE_COVERED,COMPLEXITY_MISSED,COMPLEXITY_COVERED,METHOD_MISSED,METHOD_COVERED
BattleShip,wolper.web,RestController,40,94,4,4,4,15,3,7,0,6
BattleShip,wolper.persistence.inmemory,GameInMemoryDaoImpl,111,200,25,19,8,54,22,16,3,13
BattleShip,wolper.game,GameLogic,133,450,32,58,1,97,32,29,0,15
BattleShip,wolper.game,PlayerValidator,18,49,4,16,3,13,3,10,0,3
BattleShip,wolper.game,ShipMapper,41,129,4,16,6,22,3,10,0,3
BattleShip,wolper.persistence.database,UserDaoImpl,79,126,1,1,22,31,3,4,2,4
